<?xml version="1.0" encoding="UTF-8"?>
<!-- Generated by org.testng.reporters.JUnitXMLReporter -->
<testsuite ignored="0" hostname="Rasels-MacBook-Pro.local" failures="0" tests="7" name="Command line test" time="28.237" errors="0" timestamp="2023-04-16T10:44:35 BDT">
  <testcase classname="tests.MainLoginTest" name="mainLoginTest" time="1.011"/>
  <testcase classname="tests.MainLoginTest" name="mainLoginTest" time="1.11"/>
  <testcase classname="tests.MainLoginTest" name="mainLoginTest" time="1.099"/>
  <testcase classname="tests.MainLoginTest" name="mainLoginTest" time="1.103"/>
  <testcase classname="tests.MainLoginTest" name="mainLoginTest" time="1.28"/>
  <testcase classname="tests.MainLoginTest" name="mainLoginTest" time="1.026"/>
  <testcase classname="tests.MainLoginTest" name="mainLoginTest" time="1.189"/>
</testsuite> <!-- Command line test -->
